<?xml version='1.0' encoding='UTF-8'?>
<testsuites>
  <testsuite name="sample_labels" package_name="bzt">
    <testcase classname="bzt-8776214936777" name="bookExam">
      <error message="Internal Server Error" type="Error">Internal Server Error
(status code is 500)
(total errors of this type: 458)</error>
    </testcase>
    <testcase classname="bzt-8776214936777" name="createExam"/>
    <testcase classname="bzt-8776214936777" name="getExam"/>
    <testcase classname="bzt-8776214936777" name="http://web:8080/"/>
    <testcase classname="bzt-8776214936777" name="listExam"/>
  </testsuite>
</testsuites>
